<?xml version="1.0" encoding="UTF-8"?>
<!-- Generated by org.testng.reporters.JUnitXMLReporter -->
<testsuite ignored="0" hostname="LAPTOP-DN3J840J" failures="0" tests="6" name="PetTest" time="3.86" errors="0" timestamp="2023-05-23T20:33:35 CDT">
  <testcase classname="api.test.DataDrivenTest" name="testPostUser" time="1.424"/>
  <testcase classname="api.test.DataDrivenTest" name="testPostUser" time="0.227"/>
  <testcase classname="api.test.DataDrivenTest" name="testPostUser" time="0.232"/>
  <testcase classname="api.test.DataDrivenTest" name="testDeleteUser" time="0.236"/>
  <testcase classname="api.test.DataDrivenTest" name="testDeleteUser" time="0.223"/>
  <testcase classname="api.test.DataDrivenTest" name="testDeleteUser" time="0.227"/>
</testsuite> <!-- PetTest -->
